<?xml version="1.0" encoding="UTF-8"?>
<!-- Generated by org.testng.reporters.JUnitXMLReporter -->
<testsuite hostname="abhishek-HP-EliteBook-8470p" ignored="0" name="Default test" tests="6" failures="0" timestamp="16 Feb 2022 16:09:06 GMT" time="0.136" errors="0">
  <testcase name="@BeforeSuite setup" time="0.0" classname="syndication.web.WebTest">
    <failure type="org.testng.TestNGException" message="
Parameter &amp;apos;browser&amp;apos; is required by BeforeSuite on method setup but has not been marked @Optional or defined
in /tmp/testng-eclipse--1853630282/testng-customsuite.xml">
      <![CDATA[org.testng.TestNGException: 
Parameter 'browser' is required by BeforeSuite on method setup but has not been marked @Optional or defined
in /tmp/testng-eclipse--1853630282/testng-customsuite.xml
	at org.testng.internal.Parameters.createParameters(Parameters.java:199)
	at org.testng.internal.Parameters.createParameters(Parameters.java:443)
	at org.testng.internal.Parameters.createConfigurationParameters(Parameters.java:118)
	at org.testng.internal.Invoker.invokeConfigurations(Invoker.java:203)
	at org.testng.internal.Invoker.invokeConfigurations(Invoker.java:144)
	at org.testng.SuiteRunner.privateRun(SuiteRunner.java:326)
	at org.testng.SuiteRunner.run(SuiteRunner.java:289)
	at org.testng.SuiteRunnerWorker.runSuite(SuiteRunnerWorker.java:52)
	at org.testng.SuiteRunnerWorker.run(SuiteRunnerWorker.java:86)
	at org.testng.TestNG.runSuitesSequentially(TestNG.java:1293)
	at org.testng.TestNG.runSuitesLocally(TestNG.java:1218)
	at org.testng.TestNG.runSuites(TestNG.java:1133)
	at org.testng.TestNG.run(TestNG.java:1104)
	at org.testng.remote.AbstractRemoteTestNG.run(AbstractRemoteTestNG.java:115)
	at org.testng.remote.RemoteTestNG.initAndRun(RemoteTestNG.java:251)
	at org.testng.remote.RemoteTestNG.main(RemoteTestNG.java:77)
]]>
    </failure>
  </testcase> <!-- @BeforeSuite setup -->
  <testcase name="@BeforeMethod beforeMethodSetup" time="0.0" classname="syndication.web.WebTest">
    <skipped/>
  </testcase> <!-- @BeforeMethod beforeMethodSetup -->
  <testcase name="@AfterMethod takescreenshotonfail" time="0.0" classname="syndication.web.TestBase">
    <skipped/>
  </testcase> <!-- @AfterMethod takescreenshotonfail -->
  <testcase name="@BeforeMethod beforeMethodSetup" time="0.0" classname="syndication.web.WebTest">
    <skipped/>
  </testcase> <!-- @BeforeMethod beforeMethodSetup -->
  <testcase name="@AfterMethod takescreenshotonfail" time="0.0" classname="syndication.web.TestBase">
    <skipped/>
  </testcase> <!-- @AfterMethod takescreenshotonfail -->
  <testcase name="@BeforeMethod beforeMethodSetup" time="0.0" classname="syndication.web.WebTest">
    <skipped/>
  </testcase> <!-- @BeforeMethod beforeMethodSetup -->
  <testcase name="@AfterMethod takescreenshotonfail" time="0.0" classname="syndication.web.TestBase">
    <skipped/>
  </testcase> <!-- @AfterMethod takescreenshotonfail -->
  <testcase name="@BeforeMethod beforeMethodSetup" time="0.0" classname="syndication.web.WebTest">
    <skipped/>
  </testcase> <!-- @BeforeMethod beforeMethodSetup -->
  <testcase name="@AfterMethod takescreenshotonfail" time="0.0" classname="syndication.web.TestBase">
    <skipped/>
  </testcase> <!-- @AfterMethod takescreenshotonfail -->
  <testcase name="@BeforeMethod beforeMethodSetup" time="0.0" classname="syndication.web.WebTest">
    <skipped/>
  </testcase> <!-- @BeforeMethod beforeMethodSetup -->
  <testcase name="@AfterMethod takescreenshotonfail" time="0.0" classname="syndication.web.TestBase">
    <skipped/>
  </testcase> <!-- @AfterMethod takescreenshotonfail -->
  <testcase name="@BeforeMethod beforeMethodSetup" time="0.0" classname="syndication.web.WebTest">
    <skipped/>
  </testcase> <!-- @BeforeMethod beforeMethodSetup -->
  <testcase name="@AfterMethod takescreenshotonfail" time="0.0" classname="syndication.web.TestBase">
    <skipped/>
  </testcase> <!-- @AfterMethod takescreenshotonfail -->
  <testcase name="@AfterTest closeAllWindows" time="0.0" classname="syndication.web.TestBase">
    <skipped/>
  </testcase> <!-- @AfterTest closeAllWindows -->
  <testcase name="synProNegativeTestForRegistrationPage" time="0.004" classname="syndication.web.WebTest">
    <skipped/>
  </testcase> <!-- synProNegativeTestForRegistrationPage -->
  <testcase name="synProRegistrationPage" time="0.0" classname="syndication.web.WebTest">
    <skipped/>
  </testcase> <!-- synProRegistrationPage -->
  <testcase name="synProNegativeTestForLoginAsSponsor" time="0.0" classname="syndication.web.WebTest">
    <skipped/>
  </testcase> <!-- synProNegativeTestForLoginAsSponsor -->
  <testcase name="synProLoginAsSponsor" time="0.0" classname="syndication.web.WebTest">
    <skipped/>
  </testcase> <!-- synProLoginAsSponsor -->
  <testcase name="synProDashboardAsSponsor" time="0.0" classname="syndication.web.WebTest">
    <skipped/>
  </testcase> <!-- synProDashboardAsSponsor -->
  <testcase name="synProLeadsAsSponsor" time="0.0" classname="syndication.web.WebTest">
    <skipped/>
  </testcase> <!-- synProLeadsAsSponsor -->
</testsuite> <!-- Default test -->
