<?xml version="1.0" encoding="UTF-8"?>
<!-- Generated by org.testng.reporters.JUnitReportReporter -->
<testsuite name="syndication.web.WebTest" tests="2" time="23.164" ignored="0" failures="1" timestamp="09 Feb 2022 02:21:51 GMT" skipped="0" hostname="abhishek-HP-EliteBook-8470p" errors="0">
  <testcase name="synProLoginAsSponsor" time="8.829" classname="syndication.web.WebTest"/>
  <testcase name="synProNegativeTestForRegistrationPage" time="14.335" classname="syndication.web.WebTest">
    <failure type="java.lang.AssertionError" message="expected [First Name is required] but found [Sign Up to View Opportunities
First Name
First Name is required
Last Name
Last Name is required
Email
Email is required
Phone Number
Phone number is required
Residency
Enter Residency
State is required
I am looking to invest
Select
Investment Capacity is required
Are you anaccredited investor?
Select
Accredited Investor is required
How did you hear about us?
How did you hear about us is required
Create Password
Password is required
Confirm Password
Confirm Password is required
Captcha Verification is required
Please accept terms and conditions
I have reviewed and agree to the
Terms of Service
and
Privacy Policy
Register
Already have an account?  Login here]">
      <![CDATA[java.lang.AssertionError: expected [First Name is required] but found [Sign Up to View Opportunities
First Name
First Name is required
Last Name
Last Name is required
Email
Email is required
Phone Number
Phone number is required
Residency
Enter Residency
State is required
I am looking to invest
Select
Investment Capacity is required
Are you anaccredited investor?
Select
Accredited Investor is required
How did you hear about us?
How did you hear about us is required
Create Password
Password is required
Confirm Password
Confirm Password is required
Captcha Verification is required
Please accept terms and conditions
I have reviewed and agree to the
Terms of Service
and
Privacy Policy
Register
Already have an account?  Login here]
	at org.testng.Assert.fail(Assert.java:94)
	at org.testng.Assert.failNotEquals(Assert.java:513)
	at org.testng.Assert.assertEqualsImpl(Assert.java:135)
	at org.testng.Assert.assertEquals(Assert.java:116)
	at org.testng.Assert.assertEquals(Assert.java:190)
	at org.testng.Assert.assertEquals(Assert.java:200)
	at syndication.web.CommonUtils.assertString(CommonUtils.java:958)
	at syndication.helpers.SynproRegistrationHelper.negativeTestScenarioRegistrationAsInvestor(SynproRegistrationHelper.java:58)
	at syndication.web.WebTest.synProNegativeTestForRegistrationPage(WebTest.java:79)
	at sun.reflect.NativeMethodAccessorImpl.invoke0(Native Method)
	at sun.reflect.NativeMethodAccessorImpl.invoke(NativeMethodAccessorImpl.java:62)
	at sun.reflect.DelegatingMethodAccessorImpl.invoke(DelegatingMethodAccessorImpl.java:43)
	at java.lang.reflect.Method.invoke(Method.java:498)
	at org.testng.internal.MethodInvocationHelper.invokeMethod(MethodInvocationHelper.java:104)
	at org.testng.internal.Invoker.invokeMethod(Invoker.java:645)
	at org.testng.internal.Invoker.invokeTestMethod(Invoker.java:851)
	at org.testng.internal.Invoker.invokeTestMethods(Invoker.java:1177)
	at org.testng.internal.TestMethodWorker.invokeTestMethods(TestMethodWorker.java:129)
	at org.testng.internal.TestMethodWorker.run(TestMethodWorker.java:112)
	at org.testng.TestRunner.privateRun(TestRunner.java:756)
	at org.testng.TestRunner.run(TestRunner.java:610)
	at org.testng.SuiteRunner.runTest(SuiteRunner.java:387)
	at org.testng.SuiteRunner.runSequentially(SuiteRunner.java:382)
	at org.testng.SuiteRunner.privateRun(SuiteRunner.java:340)
	at org.testng.SuiteRunner.run(SuiteRunner.java:289)
	at org.testng.SuiteRunnerWorker.runSuite(SuiteRunnerWorker.java:52)
	at org.testng.SuiteRunnerWorker.run(SuiteRunnerWorker.java:86)
	at org.testng.TestNG.runSuitesSequentially(TestNG.java:1293)
	at org.testng.TestNG.runSuitesLocally(TestNG.java:1218)
	at org.testng.TestNG.runSuites(TestNG.java:1133)
	at org.testng.TestNG.run(TestNG.java:1104)
	at org.testng.remote.AbstractRemoteTestNG.run(AbstractRemoteTestNG.java:115)
	at org.testng.remote.RemoteTestNG.initAndRun(RemoteTestNG.java:251)
	at org.testng.remote.RemoteTestNG.main(RemoteTestNG.java:77)
]]>
    </failure>
  </testcase> <!-- synProNegativeTestForRegistrationPage -->
</testsuite> <!-- syndication.web.WebTest -->
